#! c:/iverilog-x64/bin/vvp
:ivl_version "10.1 (stable)" "(v10_1_1)";
:ivl_delay_selection "TYPICAL";
:vpi_time_precision - 9;
:vpi_module "system";
:vpi_module "vhdl_sys";
:vpi_module "v2005_math";
:vpi_module "va_math";
S_000000000073de10 .scope module, "hello_world" "hello_world" 2 2;
 .timescale -3 -4;
v00000000028c8b40_0 .net "clk", 0 0, v000000000073e110_0;  1 drivers
v00000000028930b0_0 .var "dummy", 0 0;
v0000000002893150_0 .var "dumpfile_path", 512 0;
S_000000000073df90 .scope module, "clk_gen" "clock_gen" 2 7, 3 2 0, S_000000000073de10;
 .timescale -9 -9;
    .port_info 0 /OUTPUT 1 "clk"
P_00000000028c6fe0 .param/l "PERIOD" 0 3 4, +C4<00000000000000000000000000101000>;
v000000000073e110_0 .var "clk", 0 0;
S_0000000002892f30 .scope begin, "CLOCK_DRIVER" "CLOCK_DRIVER" 3 7, 3 7 0, S_000000000073df90;
 .timescale -9 -9;
    .scope S_000000000073df90;
T_0 ;
    %fork t_1, S_0000000002892f30;
    %jmp t_0;
    .scope S_0000000002892f30;
t_1 ;
    %pushi/vec4 0, 0, 1;
    %assign/vec4 v000000000073e110_0, 0;
    %delay 20, 0;
    %pushi/vec4 1, 0, 1;
    %assign/vec4 v000000000073e110_0, 0;
    %delay 20, 0;
    %end;
    .scope S_000000000073df90;
t_0 %join;
    %jmp T_0;
    .thread T_0;
    .scope S_000000000073de10;
T_1 ;
    %delay 10000000, 0;
    %vpi_call 2 12 "$finish" {0 0 0};
    %end;
    .thread T_1;
    .scope S_000000000073de10;
T_2 ;
    %pushi/vec4 3739936992, 0, 466;
    %concati/vec4 3941096684, 0, 32;
    %concati/vec4 25444, 0, 15;
    %store/vec4 v0000000002893150_0, 0, 513;
    %end;
    .thread T_2;
    .scope S_000000000073de10;
T_3 ;
    %vpi_func 2 22 "$value$plusargs" 32, "VCD_PATH=%s", v0000000002893150_0 {0 0 0};
    %pad/u 1;
    %store/vec4 v00000000028930b0_0, 0, 1;
    %vpi_call 2 23 "$dumpfile", v0000000002893150_0 {0 0 0};
    %vpi_call 2 24 "$dumpvars", 32'sb00000000000000000000000000000000, S_000000000073de10 {0 0 0};
    %vpi_call 2 25 "$display", "hola" {0 0 0};
    %end;
    .thread T_3;
# The file index is used to find the file name in the following table.
:file_names 4;
    "N/A";
    "<interactive>";
    "dut_clock.v";
    "clock25M.v";
