#! c:/iverilog-x64/bin/vvp
:ivl_version "10.1 (stable)" "(v10_1_1)";
:ivl_delay_selection "TYPICAL";
:vpi_time_precision + 0;
:vpi_module "system";
:vpi_module "vhdl_sys";
:vpi_module "v2005_math";
:vpi_module "va_math";
S_00000000003ce020 .scope module, "hello_world" "hello_world" 2 2;
 .timescale 0 0;
v0000000000657650_0 .var "dummy", 0 0;
v00000000006576f0_0 .var "dumpfile_path", 512 0;
v0000000000657790_0 .net "min_clk", 0 0, v00000000003ce320_0;  1 drivers
S_00000000003ce1a0 .scope module, "sec_gen" "sec_clock_gen" 2 7, 3 2 0, S_00000000003ce020;
 .timescale 1 0;
    .port_info 0 /OUTPUT 1 "sec_clk"
P_0000000000654f40 .param/l "PERIOD" 0 3 4, +C4<00000000000000000000000000000001>;
v00000000003ce320_0 .var "sec_clk", 0 0;
S_0000000000622720 .scope begin, "CLOCK_DRIVER" "CLOCK_DRIVER" 3 8, 3 8 0, S_00000000003ce1a0;
 .timescale 1 0;
    .scope S_00000000003ce1a0;
T_0 ;
    %fork t_1, S_0000000000622720;
    %jmp t_0;
    .scope S_0000000000622720;
t_1 ;
    %pushi/vec4 0, 0, 1;
    %assign/vec4 v00000000003ce320_0, 0;
    %delay 1, 0;
    %pushi/vec4 1, 0, 1;
    %assign/vec4 v00000000003ce320_0, 0;
    %delay 1, 0;
    %end;
    .scope S_00000000003ce1a0;
t_0 %join;
    %jmp T_0;
    .thread T_0;
    .scope S_00000000003ce020;
T_1 ;
    %delay 10, 0;
    %vpi_call 2 12 "$finish" {0 0 0};
    %end;
    .thread T_1;
    .scope S_00000000003ce020;
T_2 ;
    %pushi/vec4 3739936992, 0, 466;
    %concati/vec4 3941096684, 0, 32;
    %concati/vec4 25444, 0, 15;
    %store/vec4 v00000000006576f0_0, 0, 513;
    %end;
    .thread T_2;
    .scope S_00000000003ce020;
T_3 ;
    %vpi_func 2 22 "$value$plusargs" 32, "VCD_PATH=%s", v00000000006576f0_0 {0 0 0};
    %pad/u 1;
    %store/vec4 v0000000000657650_0, 0, 1;
    %vpi_call 2 23 "$dumpfile", v00000000006576f0_0 {0 0 0};
    %vpi_call 2 24 "$dumpvars", 32'sb00000000000000000000000000000000, S_00000000003ce020 {0 0 0};
    %vpi_call 2 25 "$display", "hola" {0 0 0};
    %end;
    .thread T_3;
# The file index is used to find the file name in the following table.
:file_names 4;
    "N/A";
    "<interactive>";
    "dut_sec_clock.v";
    "sec_clock.v";
