#! c:/iverilog-x64/bin/vvp
:ivl_version "10.1 (stable)" "(v10_1_1)";
:ivl_delay_selection "TYPICAL";
:vpi_time_precision + 0;
:vpi_module "system";
:vpi_module "vhdl_sys";
:vpi_module "v2005_math";
:vpi_module "va_math";
S_000000000074e020 .scope module, "hello_world" "hello_world" 2 1;
 .timescale 0 0;
v00000000006d8e90_0 .var "dummy", 0 0;
v00000000006d8f30_0 .var "dumpfile_path", 512 0;
v00000000006d8fd0_0 .net "hours_clk", 0 0, v000000000074e320_0;  1 drivers
S_000000000074e1a0 .scope module, "hours_gen" "hours_clock_gen" 2 6, 3 2 0, S_000000000074e020;
 .timescale 2 0;
    .port_info 0 /OUTPUT 1 "hours_clk"
P_0000000000683ef0 .param/l "PERIOD" 0 3 6, +C4<00000000000000000000000000000001>;
v000000000074e320_0 .var "hours_clk", 0 0;
S_0000000000688010 .scope begin, "CLOCK_DRIVER" "CLOCK_DRIVER" 3 10, 3 10 0, S_000000000074e1a0;
 .timescale 2 0;
    .scope S_000000000074e1a0;
T_0 ;
    %fork t_1, S_0000000000688010;
    %jmp t_0;
    .scope S_0000000000688010;
t_1 ;
    %pushi/vec4 0, 0, 1;
    %assign/vec4 v000000000074e320_0, 0;
    %delay 1800, 0;
    %pushi/vec4 1, 0, 1;
    %assign/vec4 v000000000074e320_0, 0;
    %delay 1800, 0;
    %end;
    .scope S_000000000074e1a0;
t_0 %join;
    %jmp T_0;
    .thread T_0;
    .scope S_000000000074e020;
T_1 ;
    %delay 1000000, 0;
    %vpi_call 2 11 "$finish" {0 0 0};
    %end;
    .thread T_1;
    .scope S_000000000074e020;
T_2 ;
    %pushi/vec4 3739936992, 0, 466;
    %concati/vec4 3941096684, 0, 32;
    %concati/vec4 25444, 0, 15;
    %store/vec4 v00000000006d8f30_0, 0, 513;
    %end;
    .thread T_2;
    .scope S_000000000074e020;
T_3 ;
    %vpi_func 2 21 "$value$plusargs" 32, "VCD_PATH=%s", v00000000006d8f30_0 {0 0 0};
    %pad/u 1;
    %store/vec4 v00000000006d8e90_0, 0, 1;
    %vpi_call 2 22 "$dumpfile", v00000000006d8f30_0 {0 0 0};
    %vpi_call 2 23 "$dumpvars", 32'sb00000000000000000000000000000000, S_000000000074e020 {0 0 0};
    %vpi_call 2 24 "$display", "hola" {0 0 0};
    %end;
    .thread T_3;
# The file index is used to find the file name in the following table.
:file_names 4;
    "N/A";
    "<interactive>";
    "dut_hours_clock.v";
    "hours_clock.v";
