#! c:/iverilog-x64/bin/vvp
:ivl_version "10.1 (stable)" "(v10_1_1)";
:ivl_delay_selection "TYPICAL";
:vpi_time_precision - 4;
:vpi_module "system";
:vpi_module "vhdl_sys";
:vpi_module "v2005_math";
:vpi_module "va_math";
S_0000000002957760 .scope module, "hello_world" "hello_world" 2 3;
 .timescale -4 -4;
v0000000002967c80_0 .net "clk", 0 0, v0000000002957a60_0;  1 drivers
v0000000002967d20_0 .var "dummy", 0 0;
v00000000029c1c70_0 .var "dumpfile_path", 512 0;
v00000000029c1d10_0 .net "hours", 7 0, v0000000002967720_0;  1 drivers
v00000000029c1b30_0 .net "minutes", 7 0, v0000000002967a00_0;  1 drivers
v00000000029c18b0_0 .var "reset", 0 0;
v00000000029c2350_0 .net "seconds", 7 0, v0000000002967b40_0;  1 drivers
v00000000029c1950_0 .var "startStop", 0 0;
S_00000000029578e0 .scope module, "clk_gen" "clock_gen" 2 14, 3 3 0, S_0000000002957760;
 .timescale -4 -4;
    .port_info 0 /OUTPUT 1 "clk"
P_0000000002969880 .param/l "PERIOD" 0 3 5, +C4<00000000000000000000000000101000>;
v0000000002957a60_0 .var "clk", 0 0;
S_0000000002956f50 .scope begin, "CLOCK_DRIVER" "CLOCK_DRIVER" 3 8, 3 8 0, S_00000000029578e0;
 .timescale -4 -4;
S_00000000029570d0 .scope module, "t_counter" "time_counter" 2 15, 4 8 0, S_0000000002957760;
 .timescale -4 -4;
    .port_info 0 /OUTPUT 8 "seconds"
    .port_info 1 /OUTPUT 8 "minutes"
    .port_info 2 /OUTPUT 8 "hours"
    .port_info 3 /INPUT 1 "reset"
    .port_info 4 /INPUT 1 "startStop"
    .port_info 5 /INPUT 1 "clock"
P_000000000295a320 .param/l "secondReference" 0 4 30, +C4<00000000000000000000000011111010>;
P_000000000295a358 .param/l "yes" 0 4 9, +C4<00000000000000000000000000000001>;
v0000000002957250_0 .net "clock", 0 0, v0000000002957a60_0;  alias, 1 drivers
v0000000002967680_0 .var "counter", 24 0;
v0000000002967720_0 .var "hours", 7 0;
v0000000002967960_0 .var "keepCounting", 0 0;
v0000000002967a00_0 .var "minutes", 7 0;
v0000000002967aa0_0 .net "reset", 0 0, v00000000029c18b0_0;  1 drivers
v0000000002967b40_0 .var "seconds", 7 0;
v0000000002967be0_0 .net "startStop", 0 0, v00000000029c1950_0;  1 drivers
E_000000000296a080 .event posedge, v0000000002967be0_0;
E_0000000002969840 .event posedge, v0000000002967aa0_0;
E_0000000002969ec0 .event posedge, v0000000002957a60_0;
    .scope S_00000000029578e0;
T_0 ;
    %fork t_1, S_0000000002956f50;
    %jmp t_0;
    .scope S_0000000002956f50;
t_1 ;
    %pushi/vec4 0, 0, 1;
    %assign/vec4 v0000000002957a60_0, 0;
    %delay 20, 0;
    %pushi/vec4 1, 0, 1;
    %assign/vec4 v0000000002957a60_0, 0;
    %delay 20, 0;
    %end;
    .scope S_00000000029578e0;
t_0 %join;
    %jmp T_0;
    .thread T_0;
    .scope S_00000000029570d0;
T_1 ;
    %pushi/vec4 1, 0, 1;
    %store/vec4 v0000000002967960_0, 0, 1;
    %end;
    .thread T_1;
    .scope S_00000000029570d0;
T_2 ;
    %pushi/vec4 0, 0, 8;
    %store/vec4 v0000000002967b40_0, 0, 8;
    %end;
    .thread T_2;
    .scope S_00000000029570d0;
T_3 ;
    %pushi/vec4 0, 0, 8;
    %store/vec4 v0000000002967a00_0, 0, 8;
    %end;
    .thread T_3;
    .scope S_00000000029570d0;
T_4 ;
    %pushi/vec4 0, 0, 8;
    %store/vec4 v0000000002967720_0, 0, 8;
    %end;
    .thread T_4;
    .scope S_00000000029570d0;
T_5 ;
    %pushi/vec4 0, 0, 25;
    %store/vec4 v0000000002967680_0, 0, 25;
    %end;
    .thread T_5;
    .scope S_00000000029570d0;
T_6 ;
    %wait E_0000000002969ec0;
    %load/vec4 v0000000002967960_0;
    %pad/u 32;
    %cmpi/e 1, 0, 32;
    %jmp/0xz  T_6.0, 4;
    %load/vec4 v0000000002967680_0;
    %pushi/vec4 1, 0, 25;
    %add;
    %store/vec4 v0000000002967680_0, 0, 25;
    %load/vec4 v0000000002967680_0;
    %pad/u 32;
    %cmpi/e 250, 0, 32;
    %jmp/0xz  T_6.2, 4;
    %pushi/vec4 0, 0, 25;
    %store/vec4 v0000000002967680_0, 0, 25;
    %load/vec4 v0000000002967b40_0;
    %addi 1, 0, 8;
    %assign/vec4 v0000000002967b40_0, 0;
    %load/vec4 v0000000002967b40_0;
    %pad/u 32;
    %cmpi/e 59, 0, 32;
    %jmp/0xz  T_6.4, 4;
    %pushi/vec4 0, 0, 8;
    %assign/vec4 v0000000002967b40_0, 0;
    %load/vec4 v0000000002967a00_0;
    %addi 1, 0, 8;
    %assign/vec4 v0000000002967a00_0, 0;
    %load/vec4 v0000000002967a00_0;
    %pad/u 32;
    %cmpi/e 59, 0, 32;
    %jmp/0xz  T_6.6, 4;
    %pushi/vec4 0, 0, 8;
    %assign/vec4 v0000000002967a00_0, 0;
    %load/vec4 v0000000002967720_0;
    %addi 1, 0, 8;
    %assign/vec4 v0000000002967720_0, 0;
T_6.6 ;
    %load/vec4 v0000000002967720_0;
    %pad/u 32;
    %cmpi/e 99, 0, 32;
    %jmp/0xz  T_6.8, 4;
    %pushi/vec4 0, 0, 8;
    %assign/vec4 v0000000002967720_0, 0;
T_6.8 ;
T_6.4 ;
T_6.2 ;
T_6.0 ;
    %jmp T_6;
    .thread T_6;
    .scope S_00000000029570d0;
T_7 ;
    %wait E_0000000002969840;
    %pushi/vec4 0, 0, 25;
    %store/vec4 v0000000002967680_0, 0, 25;
    %pushi/vec4 0, 0, 8;
    %assign/vec4 v0000000002967b40_0, 0;
    %pushi/vec4 0, 0, 8;
    %assign/vec4 v0000000002967a00_0, 0;
    %pushi/vec4 0, 0, 8;
    %assign/vec4 v0000000002967720_0, 0;
    %jmp T_7;
    .thread T_7;
    .scope S_00000000029570d0;
T_8 ;
    %wait E_000000000296a080;
    %load/vec4 v0000000002967960_0;
    %inv;
    %store/vec4 v0000000002967960_0, 0, 1;
    %jmp T_8;
    .thread T_8;
    .scope S_0000000002957760;
T_9 ;
    %pushi/vec4 0, 0, 1;
    %store/vec4 v00000000029c18b0_0, 0, 1;
    %end;
    .thread T_9;
    .scope S_0000000002957760;
T_10 ;
    %pushi/vec4 0, 0, 1;
    %store/vec4 v00000000029c1950_0, 0, 1;
    %end;
    .thread T_10;
    .scope S_0000000002957760;
T_11 ;
    %delay 500000, 0;
    %pushi/vec4 1, 0, 1;
    %store/vec4 v00000000029c1950_0, 0, 1;
    %delay 100, 0;
    %pushi/vec4 0, 0, 1;
    %store/vec4 v00000000029c1950_0, 0, 1;
    %delay 40000, 0;
    %pushi/vec4 1, 0, 1;
    %store/vec4 v00000000029c1950_0, 0, 1;
    %delay 100, 0;
    %pushi/vec4 0, 0, 1;
    %store/vec4 v00000000029c1950_0, 0, 1;
    %delay 100000, 0;
    %pushi/vec4 1, 0, 1;
    %store/vec4 v00000000029c18b0_0, 0, 1;
    %delay 100, 0;
    %pushi/vec4 0, 0, 1;
    %store/vec4 v00000000029c18b0_0, 0, 1;
    %delay 20000, 0;
    %vpi_call 2 33 "$finish" {0 0 0};
    %end;
    .thread T_11;
    .scope S_0000000002957760;
T_12 ;
    %pushi/vec4 3739936992, 0, 466;
    %concati/vec4 3941096684, 0, 32;
    %concati/vec4 25444, 0, 15;
    %store/vec4 v00000000029c1c70_0, 0, 513;
    %end;
    .thread T_12;
    .scope S_0000000002957760;
T_13 ;
    %vpi_func 2 43 "$value$plusargs" 32, "VCD_PATH=%s", v00000000029c1c70_0 {0 0 0};
    %pad/u 1;
    %store/vec4 v0000000002967d20_0, 0, 1;
    %vpi_call 2 44 "$dumpfile", v00000000029c1c70_0 {0 0 0};
    %vpi_call 2 45 "$dumpvars", 32'sb00000000000000000000000000000000, S_0000000002957760 {0 0 0};
    %vpi_call 2 46 "$display", "hola" {0 0 0};
    %end;
    .thread T_13;
# The file index is used to find the file name in the following table.
:file_names 5;
    "N/A";
    "<interactive>";
    "dut_counters.v";
    "clock25M.v";
    "time_counter.v";
