#! c:/iverilog-x64/bin/vvp
:ivl_version "10.1 (stable)" "(v10_1_1)";
:ivl_delay_selection "TYPICAL";
:vpi_time_precision - 4;
:vpi_module "system";
:vpi_module "vhdl_sys";
:vpi_module "v2005_math";
:vpi_module "va_math";
S_0000000001e45290 .scope module, "hello_world" "hello_world" 2 1;
 .timescale 0 0;
v0000000001ea3f60_0 .net "clk", 0 0, v0000000001e4e800_0;  1 drivers
v0000000001ea4000_0 .net "decenas", 7 0, v0000000001e495f0_0;  1 drivers
v0000000001ea40a0_0 .var "dummy", 0 0;
v0000000001ea4140_0 .var "dumpfile_path", 512 0;
v0000000001ea41e0_0 .var/i "index", 31 0;
v0000000001ea4690_0 .var "numero", 7 0;
v0000000001ea4730_0 .net "unidades", 7 0, v0000000001ea3e20_0;  1 drivers
v0000000001ea47d0_0 .var "update", 0 0;
S_0000000001e45410 .scope module, "clk_gen" "clock_gen" 2 9, 3 2 0, S_0000000001e45290;
 .timescale -4 -4;
    .port_info 0 /OUTPUT 1 "clk"
P_0000000001e4fce0 .param/l "PERIOD" 0 3 4, +C4<00000000000000000000000000001010>;
v0000000001e4e800_0 .var "clk", 0 0;
S_0000000001e492f0 .scope begin, "CLOCK_DRIVER" "CLOCK_DRIVER" 3 7, 3 7 0, S_0000000001e45410;
 .timescale -4 -4;
S_0000000001e49470 .scope module, "num_sep" "num_separator" 2 10, 4 8 0, S_0000000001e45290;
 .timescale 0 0;
    .port_info 0 /OUTPUT 8 "unidades"
    .port_info 1 /OUTPUT 8 "decenas"
    .port_info 2 /INPUT 8 "numero"
    .port_info 3 /INPUT 1 "update"
v0000000001e495f0_0 .var "decenas", 7 0;
v0000000001e45590_0 .var/i "index", 31 0;
v0000000001e4edc0_0 .net "numero", 7 0, v0000000001ea4690_0;  1 drivers
v0000000001ea3e20_0 .var "unidades", 7 0;
v0000000001ea3ec0_0 .net "update", 0 0, v0000000001e4e800_0;  alias, 1 drivers
E_0000000001e50360 .event negedge, v0000000001e4e800_0;
    .scope S_0000000001e45410;
T_0 ;
    %fork t_1, S_0000000001e492f0;
    %jmp t_0;
    .scope S_0000000001e492f0;
t_1 ;
    %pushi/vec4 0, 0, 1;
    %assign/vec4 v0000000001e4e800_0, 0;
    %delay 5, 0;
    %pushi/vec4 1, 0, 1;
    %assign/vec4 v0000000001e4e800_0, 0;
    %delay 5, 0;
    %end;
    .scope S_0000000001e45410;
t_0 %join;
    %jmp T_0;
    .thread T_0;
    .scope S_0000000001e49470;
T_1 ;
    %wait E_0000000001e50360;
    %pushi/vec4 0, 0, 8;
    %store/vec4 v0000000001ea3e20_0, 0, 8;
    %pushi/vec4 0, 0, 8;
    %store/vec4 v0000000001e495f0_0, 0, 8;
    %pushi/vec4 0, 0, 32;
    %store/vec4 v0000000001e45590_0, 0, 32;
T_1.0 ;
    %load/vec4 v0000000001e45590_0;
    %cmpi/s 100, 0, 32;
    %jmp/0xz T_1.1, 5;
    %load/vec4 v0000000001e4edc0_0;
    %pad/u 32;
    %load/vec4 v0000000001ea3e20_0;
    %pad/u 32;
    %sub;
    %pushi/vec4 10, 0, 32;
    %mod;
    %cmpi/ne 0, 0, 32;
    %jmp/0xz  T_1.2, 4;
    %load/vec4 v0000000001ea3e20_0;
    %addi 1, 0, 8;
    %store/vec4 v0000000001ea3e20_0, 0, 8;
T_1.2 ;
    %load/vec4 v0000000001e45590_0;
    %addi 1, 0, 32;
    %store/vec4 v0000000001e45590_0, 0, 32;
    %jmp T_1.0;
T_1.1 ;
    %load/vec4 v0000000001e4edc0_0;
    %pad/u 32;
    %load/vec4 v0000000001ea3e20_0;
    %pad/u 32;
    %sub;
    %pushi/vec4 10, 0, 32;
    %div;
    %pad/u 8;
    %store/vec4 v0000000001e495f0_0, 0, 8;
    %jmp T_1;
    .thread T_1;
    .scope S_0000000001e45290;
T_2 ;
    %pushi/vec4 25, 0, 8;
    %store/vec4 v0000000001ea4690_0, 0, 8;
    %end;
    .thread T_2;
    .scope S_0000000001e45290;
T_3 ;
    %pushi/vec4 0, 0, 1;
    %store/vec4 v0000000001ea47d0_0, 0, 1;
    %end;
    .thread T_3;
    .scope S_0000000001e45290;
T_4 ;
    %pushi/vec4 0, 0, 32;
    %store/vec4 v0000000001ea41e0_0, 0, 32;
T_4.0 ;
    %load/vec4 v0000000001ea41e0_0;
    %cmpi/s 100, 0, 32;
    %jmp/0xz T_4.1, 5;
    %load/vec4 v0000000001ea41e0_0;
    %pad/s 8;
    %store/vec4 v0000000001ea4690_0, 0, 8;
    %delay 10000, 0;
    %vpi_call 2 20 "$display", "el numero es: %d,las decenas %d, las unidades %d", v0000000001ea41e0_0, v0000000001ea4000_0, v0000000001ea4730_0 {0 0 0};
    %load/vec4 v0000000001ea41e0_0;
    %addi 1, 0, 32;
    %store/vec4 v0000000001ea41e0_0, 0, 32;
    %jmp T_4.0;
T_4.1 ;
    %vpi_call 2 22 "$finish" {0 0 0};
    %end;
    .thread T_4;
    .scope S_0000000001e45290;
T_5 ;
    %pushi/vec4 3739936992, 0, 466;
    %concati/vec4 3941096684, 0, 32;
    %concati/vec4 25444, 0, 15;
    %store/vec4 v0000000001ea4140_0, 0, 513;
    %end;
    .thread T_5;
    .scope S_0000000001e45290;
T_6 ;
    %vpi_func 2 29 "$value$plusargs" 32, "VCD_PATH=%s", v0000000001ea4140_0 {0 0 0};
    %pad/u 1;
    %store/vec4 v0000000001ea40a0_0, 0, 1;
    %vpi_call 2 30 "$dumpfile", v0000000001ea4140_0 {0 0 0};
    %vpi_call 2 31 "$dumpvars", 32'sb00000000000000000000000000000000, S_0000000001e45290 {0 0 0};
    %end;
    .thread T_6;
# The file index is used to find the file name in the following table.
:file_names 5;
    "N/A";
    "<interactive>";
    "main.v";
    "clock.v";
    "num_separator.v";
